= 2023-12-04 00:01:33 - HikariPool-1 - Thread starvation or clock leap detected (housekeeper delta=3h40m32s54ms763µs800ns).
= 2023-12-04 11:31:17 - Starting FmsSpringBootBackendApplication on LIN19005931 with PID 44496 (C:\Users\HARSHISI\OneDrive - Capgemini\Desktop\Flight-Management-System-master\Flight-Management-System-master\FMS-SpringBoot-Backend\target\classes started by harshisi in C:\Users\HARSHISI\OneDrive - Capgemini\Desktop\Flight-Management-System-master\Flight-Management-System-master\FMS-SpringBoot-Backend)
= 2023-12-04 11:31:17 - No active profile set, falling back to default profiles: default
= 2023-12-04 11:31:17 - The Class-Path manifest attribute in C:\Users\HARSHISI\.m2\repository\org\glassfish\jaxb\jaxb-runtime\2.3.2\jaxb-runtime-2.3.2.jar referenced one or more files that do not exist: file:/C:/Users/HARSHISI/.m2/repository/org/glassfish/jaxb/jaxb-runtime/2.3.2/jakarta.xml.bind-api-2.3.2.jar,file:/C:/Users/HARSHISI/.m2/repository/org/glassfish/jaxb/jaxb-runtime/2.3.2/txw2-2.3.2.jar,file:/C:/Users/HARSHISI/.m2/repository/org/glassfish/jaxb/jaxb-runtime/2.3.2/istack-commons-runtime-3.0.8.jar,file:/C:/Users/HARSHISI/.m2/repository/org/glassfish/jaxb/jaxb-runtime/2.3.2/stax-ex-1.8.1.jar,file:/C:/Users/HARSHISI/.m2/repository/org/glassfish/jaxb/jaxb-runtime/2.3.2/FastInfoset-1.2.16.jar,file:/C:/Users/HARSHISI/.m2/repository/org/glassfish/jaxb/jaxb-runtime/2.3.2/jakarta.activation-api-1.2.1.jar
= 2023-12-04 11:31:17 - Devtools property defaults active! Set 'spring.devtools.add-properties' to 'false' to disable
= 2023-12-04 11:31:17 - For additional web related logging consider setting the 'logging.level.web' property to 'DEBUG'
= 2023-12-04 11:31:21 - Bootstrapping Spring Data JPA repositories in DEFAULT mode.
= 2023-12-04 11:31:21 - Finished Spring Data repository scanning in 165ms. Found 6 JPA repository interfaces.
= 2023-12-04 11:31:23 - Tomcat initialized with port(s): 8080 (http)
= 2023-12-04 11:31:23 - Starting service [Tomcat]
= 2023-12-04 11:31:23 - Starting Servlet engine: [Apache Tomcat/9.0.33]
= 2023-12-04 11:31:23 - Initializing Spring embedded WebApplicationContext
= 2023-12-04 11:31:23 - Root WebApplicationContext: initialization completed in 5337 ms
= 2023-12-04 11:31:23 - HHH000204: Processing PersistenceUnitInfo [name: default]
= 2023-12-04 11:31:23 - HHH000412: Hibernate ORM core version 5.4.12.Final
= 2023-12-04 11:31:23 - HCANN000001: Hibernate Commons Annotations {5.1.0.Final}
= 2023-12-04 11:31:24 - HikariPool-1 - Starting...
= 2023-12-04 11:31:24 - HikariPool-1 - Start completed.
= 2023-12-04 11:31:24 - HHH000400: Using dialect: org.hibernate.dialect.PostgreSQLDialect
= 2023-12-04 11:31:25 - HHH000490: Using JtaPlatform implementation: [org.hibernate.engine.transaction.jta.platform.internal.NoJtaPlatform]
= 2023-12-04 11:31:25 - Initialized JPA EntityManagerFactory for persistence unit 'default'
= 2023-12-04 11:31:25 - Unable to start LiveReload server
= 2023-12-04 11:31:26 - spring.jpa.open-in-view is enabled by default. Therefore, database queries may be performed during view rendering. Explicitly configure spring.jpa.open-in-view to disable this warning
= 2023-12-04 11:31:26 - Initializing ExecutorService 'applicationTaskExecutor'
= 2023-12-04 11:31:28 - Tomcat started on port(s): 8080 (http) with context path ''
= 2023-12-04 11:31:28 - Started FmsSpringBootBackendApplication in 11.23 seconds (JVM running for 12.397)
= 2023-12-04 11:53:27 - Initializing Spring DispatcherServlet 'dispatcherServlet'
= 2023-12-04 11:53:27 - Initializing Servlet 'dispatcherServlet'
= 2023-12-04 11:53:27 - Completed initialization in 16 ms
= 2023-12-04 12:54:33 - HikariPool-1 - Thread starvation or clock leap detected (housekeeper delta=31m38s476ms772µs400ns).
= 2023-12-04 13:14:53 - HikariPool-1 - Thread starvation or clock leap detected (housekeeper delta=7m19s426ms800µs400ns).
= 2023-12-04 13:27:24 - Starting FmsSpringBootBackendApplication on LIN19005931 with PID 13624 (C:\Users\HARSHISI\OneDrive - Capgemini\Desktop\Flight-Management-System-master\Flight-Management-System-master\FMS-SpringBoot-Backend\target\classes started by harshisi in C:\Users\HARSHISI\OneDrive - Capgemini\Desktop\Flight-Management-System-master\Flight-Management-System-master\FMS-SpringBoot-Backend)
= 2023-12-04 13:27:24 - No active profile set, falling back to default profiles: default
= 2023-12-04 13:27:24 - The Class-Path manifest attribute in C:\Users\HARSHISI\.m2\repository\org\glassfish\jaxb\jaxb-runtime\2.3.2\jaxb-runtime-2.3.2.jar referenced one or more files that do not exist: file:/C:/Users/HARSHISI/.m2/repository/org/glassfish/jaxb/jaxb-runtime/2.3.2/jakarta.xml.bind-api-2.3.2.jar,file:/C:/Users/HARSHISI/.m2/repository/org/glassfish/jaxb/jaxb-runtime/2.3.2/txw2-2.3.2.jar,file:/C:/Users/HARSHISI/.m2/repository/org/glassfish/jaxb/jaxb-runtime/2.3.2/istack-commons-runtime-3.0.8.jar,file:/C:/Users/HARSHISI/.m2/repository/org/glassfish/jaxb/jaxb-runtime/2.3.2/stax-ex-1.8.1.jar,file:/C:/Users/HARSHISI/.m2/repository/org/glassfish/jaxb/jaxb-runtime/2.3.2/FastInfoset-1.2.16.jar,file:/C:/Users/HARSHISI/.m2/repository/org/glassfish/jaxb/jaxb-runtime/2.3.2/jakarta.activation-api-1.2.1.jar
= 2023-12-04 13:27:24 - Devtools property defaults active! Set 'spring.devtools.add-properties' to 'false' to disable
= 2023-12-04 13:27:24 - For additional web related logging consider setting the 'logging.level.web' property to 'DEBUG'
= 2023-12-04 13:27:29 - Bootstrapping Spring Data JPA repositories in DEFAULT mode.
= 2023-12-04 13:27:29 - Finished Spring Data repository scanning in 217ms. Found 6 JPA repository interfaces.
= 2023-12-04 13:27:31 - Tomcat initialized with port(s): 8080 (http)
= 2023-12-04 13:27:31 - Starting service [Tomcat]
= 2023-12-04 13:27:31 - Starting Servlet engine: [Apache Tomcat/9.0.33]
= 2023-12-04 13:27:31 - Initializing Spring embedded WebApplicationContext
= 2023-12-04 13:27:31 - Root WebApplicationContext: initialization completed in 6564 ms
= 2023-12-04 13:27:31 - HHH000204: Processing PersistenceUnitInfo [name: default]
= 2023-12-04 13:27:31 - HHH000412: Hibernate ORM core version 5.4.12.Final
= 2023-12-04 13:27:32 - HCANN000001: Hibernate Commons Annotations {5.1.0.Final}
= 2023-12-04 13:27:32 - HikariPool-1 - Starting...
= 2023-12-04 13:27:32 - HikariPool-1 - Start completed.
= 2023-12-04 13:27:32 - HHH000400: Using dialect: org.hibernate.dialect.PostgreSQLDialect
= 2023-12-04 13:27:33 - HHH000490: Using JtaPlatform implementation: [org.hibernate.engine.transaction.jta.platform.internal.NoJtaPlatform]
= 2023-12-04 13:27:33 - Initialized JPA EntityManagerFactory for persistence unit 'default'
= 2023-12-04 13:27:33 - Unable to start LiveReload server
= 2023-12-04 13:27:34 - spring.jpa.open-in-view is enabled by default. Therefore, database queries may be performed during view rendering. Explicitly configure spring.jpa.open-in-view to disable this warning
= 2023-12-04 13:27:34 - Initializing ExecutorService 'applicationTaskExecutor'
= 2023-12-04 13:27:36 - Tomcat started on port(s): 8080 (http) with context path ''
= 2023-12-04 13:27:36 - Started FmsSpringBootBackendApplication in 12.535 seconds (JVM running for 14.159)
= 2023-12-04 13:27:36 - MySpringBootApplication started successfully!
= 2023-12-04 13:28:12 - Starting FmsSpringBootBackendApplication on LIN19005931 with PID 17236 (C:\Users\HARSHISI\OneDrive - Capgemini\Desktop\Flight-Management-System-master\Flight-Management-System-master\FMS-SpringBoot-Backend\target\classes started by harshisi in C:\Users\HARSHISI\OneDrive - Capgemini\Desktop\Flight-Management-System-master\Flight-Management-System-master\FMS-SpringBoot-Backend)
= 2023-12-04 13:28:12 - No active profile set, falling back to default profiles: default
= 2023-12-04 13:28:12 - The Class-Path manifest attribute in C:\Users\HARSHISI\.m2\repository\org\glassfish\jaxb\jaxb-runtime\2.3.2\jaxb-runtime-2.3.2.jar referenced one or more files that do not exist: file:/C:/Users/HARSHISI/.m2/repository/org/glassfish/jaxb/jaxb-runtime/2.3.2/jakarta.xml.bind-api-2.3.2.jar,file:/C:/Users/HARSHISI/.m2/repository/org/glassfish/jaxb/jaxb-runtime/2.3.2/txw2-2.3.2.jar,file:/C:/Users/HARSHISI/.m2/repository/org/glassfish/jaxb/jaxb-runtime/2.3.2/istack-commons-runtime-3.0.8.jar,file:/C:/Users/HARSHISI/.m2/repository/org/glassfish/jaxb/jaxb-runtime/2.3.2/stax-ex-1.8.1.jar,file:/C:/Users/HARSHISI/.m2/repository/org/glassfish/jaxb/jaxb-runtime/2.3.2/FastInfoset-1.2.16.jar,file:/C:/Users/HARSHISI/.m2/repository/org/glassfish/jaxb/jaxb-runtime/2.3.2/jakarta.activation-api-1.2.1.jar
= 2023-12-04 13:28:12 - Devtools property defaults active! Set 'spring.devtools.add-properties' to 'false' to disable
= 2023-12-04 13:28:12 - For additional web related logging consider setting the 'logging.level.web' property to 'DEBUG'
= 2023-12-04 13:28:16 - Bootstrapping Spring Data JPA repositories in DEFAULT mode.
= 2023-12-04 13:28:16 - Finished Spring Data repository scanning in 169ms. Found 6 JPA repository interfaces.
= 2023-12-04 13:28:17 - Tomcat initialized with port(s): 8080 (http)
= 2023-12-04 13:28:17 - Starting service [Tomcat]
= 2023-12-04 13:28:17 - Starting Servlet engine: [Apache Tomcat/9.0.33]
= 2023-12-04 13:28:17 - Initializing Spring embedded WebApplicationContext
= 2023-12-04 13:28:17 - Root WebApplicationContext: initialization completed in 5303 ms
= 2023-12-04 13:28:18 - HHH000204: Processing PersistenceUnitInfo [name: default]
= 2023-12-04 13:28:18 - HHH000412: Hibernate ORM core version 5.4.12.Final
= 2023-12-04 13:28:18 - HCANN000001: Hibernate Commons Annotations {5.1.0.Final}
= 2023-12-04 13:28:18 - HikariPool-1 - Starting...
= 2023-12-04 13:28:19 - HikariPool-1 - Start completed.
= 2023-12-04 13:28:19 - HHH000400: Using dialect: org.hibernate.dialect.PostgreSQLDialect
= 2023-12-04 13:28:20 - HHH000490: Using JtaPlatform implementation: [org.hibernate.engine.transaction.jta.platform.internal.NoJtaPlatform]
= 2023-12-04 13:28:20 - Initialized JPA EntityManagerFactory for persistence unit 'default'
= 2023-12-04 13:28:20 - Unable to start LiveReload server
= 2023-12-04 13:28:21 - spring.jpa.open-in-view is enabled by default. Therefore, database queries may be performed during view rendering. Explicitly configure spring.jpa.open-in-view to disable this warning
= 2023-12-04 13:28:21 - Initializing ExecutorService 'applicationTaskExecutor'
= 2023-12-04 13:28:22 - Tomcat started on port(s): 8080 (http) with context path ''
= 2023-12-04 13:28:22 - Started FmsSpringBootBackendApplication in 11.24 seconds (JVM running for 12.205)
= 2023-12-04 13:28:22 - MySpringBootApplication started successfully!!!
= 2023-12-04 13:36:47 - Starting FmsSpringBootBackendApplication on LIN19005931 with PID 40072 (C:\Users\HARSHISI\OneDrive - Capgemini\Desktop\Flight-Management-System-master\Flight-Management-System-master\FMS-SpringBoot-Backend\target\classes started by harshisi in C:\Users\HARSHISI\OneDrive - Capgemini\Desktop\Flight-Management-System-master\Flight-Management-System-master\FMS-SpringBoot-Backend)
= 2023-12-04 13:36:47 - No active profile set, falling back to default profiles: default
= 2023-12-04 13:36:47 - The Class-Path manifest attribute in C:\Users\HARSHISI\.m2\repository\org\glassfish\jaxb\jaxb-runtime\2.3.2\jaxb-runtime-2.3.2.jar referenced one or more files that do not exist: file:/C:/Users/HARSHISI/.m2/repository/org/glassfish/jaxb/jaxb-runtime/2.3.2/jakarta.xml.bind-api-2.3.2.jar,file:/C:/Users/HARSHISI/.m2/repository/org/glassfish/jaxb/jaxb-runtime/2.3.2/txw2-2.3.2.jar,file:/C:/Users/HARSHISI/.m2/repository/org/glassfish/jaxb/jaxb-runtime/2.3.2/istack-commons-runtime-3.0.8.jar,file:/C:/Users/HARSHISI/.m2/repository/org/glassfish/jaxb/jaxb-runtime/2.3.2/stax-ex-1.8.1.jar,file:/C:/Users/HARSHISI/.m2/repository/org/glassfish/jaxb/jaxb-runtime/2.3.2/FastInfoset-1.2.16.jar,file:/C:/Users/HARSHISI/.m2/repository/org/glassfish/jaxb/jaxb-runtime/2.3.2/jakarta.activation-api-1.2.1.jar
= 2023-12-04 13:36:47 - Devtools property defaults active! Set 'spring.devtools.add-properties' to 'false' to disable
= 2023-12-04 13:36:47 - For additional web related logging consider setting the 'logging.level.web' property to 'DEBUG'
= 2023-12-04 13:36:53 - Bootstrapping Spring Data JPA repositories in DEFAULT mode.
= 2023-12-04 13:36:53 - Finished Spring Data repository scanning in 168ms. Found 6 JPA repository interfaces.
= 2023-12-04 13:36:55 - Tomcat initialized with port(s): 8080 (http)
= 2023-12-04 13:36:55 - Starting service [Tomcat]
= 2023-12-04 13:36:55 - Starting Servlet engine: [Apache Tomcat/9.0.33]
= 2023-12-04 13:36:55 - Initializing Spring embedded WebApplicationContext
= 2023-12-04 13:36:55 - Root WebApplicationContext: initialization completed in 7290 ms
= 2023-12-04 13:36:55 - HHH000204: Processing PersistenceUnitInfo [name: default]
= 2023-12-04 13:36:55 - HHH000412: Hibernate ORM core version 5.4.12.Final
= 2023-12-04 13:36:56 - HCANN000001: Hibernate Commons Annotations {5.1.0.Final}
= 2023-12-04 13:36:56 - HikariPool-1 - Starting...
= 2023-12-04 13:36:56 - HikariPool-1 - Start completed.
= 2023-12-04 13:36:56 - HHH000400: Using dialect: org.hibernate.dialect.PostgreSQLDialect
= 2023-12-04 13:36:58 - HHH000490: Using JtaPlatform implementation: [org.hibernate.engine.transaction.jta.platform.internal.NoJtaPlatform]
= 2023-12-04 13:36:58 - Initialized JPA EntityManagerFactory for persistence unit 'default'
= 2023-12-04 13:36:58 - Unable to start LiveReload server
= 2023-12-04 13:36:58 - spring.jpa.open-in-view is enabled by default. Therefore, database queries may be performed during view rendering. Explicitly configure spring.jpa.open-in-view to disable this warning
= 2023-12-04 13:36:58 - Initializing ExecutorService 'applicationTaskExecutor'
= 2023-12-04 13:37:00 - Tomcat started on port(s): 8080 (http) with context path ''
= 2023-12-04 13:37:00 - Started FmsSpringBootBackendApplication in 13.508 seconds (JVM running for 14.566)
= 2023-12-04 13:37:00 - Info log
= 2023-12-04 13:37:00 - Hey, This is a warning!
= 2023-12-04 13:37:00 - Oops! We have an Error. OK
= 2023-12-04 13:37:00 - Damn! Fatal error. Please fix me.
= 2023-12-04 13:42:45 - Starting FmsSpringBootBackendApplication on LIN19005931 with PID 35216 (C:\Users\HARSHISI\OneDrive - Capgemini\Desktop\Flight-Management-System-master\Flight-Management-System-master\FMS-SpringBoot-Backend\target\classes started by harshisi in C:\Users\HARSHISI\OneDrive - Capgemini\Desktop\Flight-Management-System-master\Flight-Management-System-master\FMS-SpringBoot-Backend)
= 2023-12-04 13:42:45 - No active profile set, falling back to default profiles: default
= 2023-12-04 13:42:45 - The Class-Path manifest attribute in C:\Users\HARSHISI\.m2\repository\org\glassfish\jaxb\jaxb-runtime\2.3.2\jaxb-runtime-2.3.2.jar referenced one or more files that do not exist: file:/C:/Users/HARSHISI/.m2/repository/org/glassfish/jaxb/jaxb-runtime/2.3.2/jakarta.xml.bind-api-2.3.2.jar,file:/C:/Users/HARSHISI/.m2/repository/org/glassfish/jaxb/jaxb-runtime/2.3.2/txw2-2.3.2.jar,file:/C:/Users/HARSHISI/.m2/repository/org/glassfish/jaxb/jaxb-runtime/2.3.2/istack-commons-runtime-3.0.8.jar,file:/C:/Users/HARSHISI/.m2/repository/org/glassfish/jaxb/jaxb-runtime/2.3.2/stax-ex-1.8.1.jar,file:/C:/Users/HARSHISI/.m2/repository/org/glassfish/jaxb/jaxb-runtime/2.3.2/FastInfoset-1.2.16.jar,file:/C:/Users/HARSHISI/.m2/repository/org/glassfish/jaxb/jaxb-runtime/2.3.2/jakarta.activation-api-1.2.1.jar
= 2023-12-04 13:42:45 - Devtools property defaults active! Set 'spring.devtools.add-properties' to 'false' to disable
= 2023-12-04 13:42:45 - For additional web related logging consider setting the 'logging.level.web' property to 'DEBUG'
= 2023-12-04 13:42:48 - Bootstrapping Spring Data JPA repositories in DEFAULT mode.
= 2023-12-04 13:42:49 - Finished Spring Data repository scanning in 173ms. Found 6 JPA repository interfaces.
= 2023-12-04 13:42:50 - Tomcat initialized with port(s): 8080 (http)
= 2023-12-04 13:42:50 - Starting service [Tomcat]
= 2023-12-04 13:42:50 - Starting Servlet engine: [Apache Tomcat/9.0.33]
= 2023-12-04 13:42:50 - Initializing Spring embedded WebApplicationContext
= 2023-12-04 13:42:50 - Root WebApplicationContext: initialization completed in 5472 ms
= 2023-12-04 13:42:50 - HHH000204: Processing PersistenceUnitInfo [name: default]
= 2023-12-04 13:42:51 - HHH000412: Hibernate ORM core version 5.4.12.Final
= 2023-12-04 13:42:51 - HCANN000001: Hibernate Commons Annotations {5.1.0.Final}
= 2023-12-04 13:42:51 - HikariPool-1 - Starting...
= 2023-12-04 13:42:51 - HikariPool-1 - Start completed.
= 2023-12-04 13:42:51 - HHH000400: Using dialect: org.hibernate.dialect.PostgreSQLDialect
= 2023-12-04 13:42:53 - HHH000490: Using JtaPlatform implementation: [org.hibernate.engine.transaction.jta.platform.internal.NoJtaPlatform]
= 2023-12-04 13:42:53 - Initialized JPA EntityManagerFactory for persistence unit 'default'
= 2023-12-04 13:42:53 - Unable to start LiveReload server
= 2023-12-04 13:42:53 - spring.jpa.open-in-view is enabled by default. Therefore, database queries may be performed during view rendering. Explicitly configure spring.jpa.open-in-view to disable this warning
= 2023-12-04 13:42:54 - Initializing ExecutorService 'applicationTaskExecutor'
= 2023-12-04 13:42:55 - Tomcat started on port(s): 8080 (http) with context path ''
= 2023-12-04 13:42:55 - Started FmsSpringBootBackendApplication in 11.681 seconds (JVM running for 12.893)
= 2023-12-04 13:42:55 - Info log
= 2023-12-04 13:42:55 - Hey, This is a warning!
= 2023-12-04 13:42:55 - Oops! We have an Error. OK
= 2023-12-04 13:42:55 - Damn! Fatal error. Please fix me.
= 2023-12-04 13:43:22 - Shutting down ExecutorService 'applicationTaskExecutor'
= 2023-12-04 13:43:22 - Closing JPA EntityManagerFactory for persistence unit 'default'
= 2023-12-04 13:43:22 - HikariPool-1 - Shutdown initiated...
= 2023-12-04 13:43:22 - HikariPool-1 - Shutdown completed.
= 2023-12-04 13:43:54 - Starting FmsSpringBootBackendApplication on LIN19005931 with PID 35216 (C:\Users\HARSHISI\OneDrive - Capgemini\Desktop\Flight-Management-System-master\Flight-Management-System-master\FMS-SpringBoot-Backend\target\classes started by harshisi in C:\Users\HARSHISI\OneDrive - Capgemini\Desktop\Flight-Management-System-master\Flight-Management-System-master\FMS-SpringBoot-Backend)
= 2023-12-04 13:43:54 - No active profile set, falling back to default profiles: default
= 2023-12-04 13:43:54 - Bootstrapping Spring Data JPA repositories in DEFAULT mode.
= 2023-12-04 13:43:55 - Finished Spring Data repository scanning in 1ms. Found 0 JPA repository interfaces.
= 2023-12-04 13:43:55 - Tomcat initialized with port(s): 8080 (http)
= 2023-12-04 13:43:55 - Starting service [Tomcat]
= 2023-12-04 13:43:55 - Starting Servlet engine: [Apache Tomcat/9.0.33]
= 2023-12-04 13:43:55 - Initializing Spring embedded WebApplicationContext
= 2023-12-04 13:43:55 - Root WebApplicationContext: initialization completed in 1090 ms
= 2023-12-04 13:43:55 - HHH000204: Processing PersistenceUnitInfo [name: default]
= 2023-12-04 13:43:55 - HikariPool-2 - Starting...
= 2023-12-04 13:43:56 - HikariPool-2 - Start completed.
= 2023-12-04 13:43:56 - HHH000400: Using dialect: org.hibernate.dialect.PostgreSQLDialect
= 2023-12-04 13:43:56 - HHH000490: Using JtaPlatform implementation: [org.hibernate.engine.transaction.jta.platform.internal.NoJtaPlatform]
= 2023-12-04 13:43:56 - Initialized JPA EntityManagerFactory for persistence unit 'default'
= 2023-12-04 13:43:56 - Unable to start LiveReload server
= 2023-12-04 13:43:57 - spring.jpa.open-in-view is enabled by default. Therefore, database queries may be performed during view rendering. Explicitly configure spring.jpa.open-in-view to disable this warning
= 2023-12-04 13:43:57 - Initializing ExecutorService 'applicationTaskExecutor'
= 2023-12-04 13:44:00 - Tomcat started on port(s): 8080 (http) with context path ''
= 2023-12-04 13:44:00 - Started FmsSpringBootBackendApplication in 6.119 seconds (JVM running for 77.459)
= 2023-12-04 13:44:00 - Condition evaluation unchanged
= 2023-12-04 13:44:00 - Info log
= 2023-12-04 13:44:00 - Hey, This is a warning!
= 2023-12-04 13:44:00 - Oops! We have an Error. OK
= 2023-12-04 13:44:00 - Damn! Fatal error. Please fix me.
= 2023-12-04 13:44:09 - Shutting down ExecutorService 'applicationTaskExecutor'
= 2023-12-04 13:44:09 - Closing JPA EntityManagerFactory for persistence unit 'default'
= 2023-12-04 13:44:09 - HikariPool-2 - Shutdown initiated...
= 2023-12-04 13:44:09 - HikariPool-2 - Shutdown completed.
= 2023-12-04 13:44:09 - Starting FmsSpringBootBackendApplication on LIN19005931 with PID 35216 (C:\Users\HARSHISI\OneDrive - Capgemini\Desktop\Flight-Management-System-master\Flight-Management-System-master\FMS-SpringBoot-Backend\target\classes started by harshisi in C:\Users\HARSHISI\OneDrive - Capgemini\Desktop\Flight-Management-System-master\Flight-Management-System-master\FMS-SpringBoot-Backend)
= 2023-12-04 13:44:09 - No active profile set, falling back to default profiles: default
= 2023-12-04 13:44:12 - Bootstrapping Spring Data JPA repositories in DEFAULT mode.
= 2023-12-04 13:44:12 - Finished Spring Data repository scanning in 55ms. Found 6 JPA repository interfaces.
= 2023-12-04 13:44:12 - Tomcat initialized with port(s): 8080 (http)
= 2023-12-04 13:44:12 - Starting service [Tomcat]
= 2023-12-04 13:44:12 - Starting Servlet engine: [Apache Tomcat/9.0.33]
= 2023-12-04 13:44:12 - Initializing Spring embedded WebApplicationContext
= 2023-12-04 13:44:12 - Root WebApplicationContext: initialization completed in 3622 ms
= 2023-12-04 13:44:12 - HHH000204: Processing PersistenceUnitInfo [name: default]
= 2023-12-04 13:44:12 - HikariPool-3 - Starting...
= 2023-12-04 13:44:13 - HikariPool-3 - Start completed.
= 2023-12-04 13:44:13 - HHH000400: Using dialect: org.hibernate.dialect.PostgreSQLDialect
= 2023-12-04 13:44:13 - HHH000490: Using JtaPlatform implementation: [org.hibernate.engine.transaction.jta.platform.internal.NoJtaPlatform]
= 2023-12-04 13:44:13 - Initialized JPA EntityManagerFactory for persistence unit 'default'
= 2023-12-04 13:44:13 - Unable to start LiveReload server
= 2023-12-04 13:44:13 - spring.jpa.open-in-view is enabled by default. Therefore, database queries may be performed during view rendering. Explicitly configure spring.jpa.open-in-view to disable this warning
= 2023-12-04 13:44:13 - Initializing ExecutorService 'applicationTaskExecutor'
= 2023-12-04 13:44:15 - Tomcat started on port(s): 8080 (http) with context path ''
= 2023-12-04 13:44:15 - Started FmsSpringBootBackendApplication in 5.909 seconds (JVM running for 92.061)
= 2023-12-04 13:44:15 - Condition evaluation unchanged
= 2023-12-04 13:44:15 - Info log
= 2023-12-04 13:44:15 - Hey, This is a warning!
= 2023-12-04 13:44:15 - Oops! We have an Error. OK
= 2023-12-04 13:44:15 - Damn! Fatal error. Please fix me.
= 2023-12-04 13:45:33 - Starting FmsSpringBootBackendApplication on LIN19005931 with PID 20316 (C:\Users\HARSHISI\OneDrive - Capgemini\Desktop\Flight-Management-System-master\Flight-Management-System-master\FMS-SpringBoot-Backend\target\classes started by harshisi in C:\Users\HARSHISI\OneDrive - Capgemini\Desktop\Flight-Management-System-master\Flight-Management-System-master\FMS-SpringBoot-Backend)
= 2023-12-04 13:45:33 - No active profile set, falling back to default profiles: default
= 2023-12-04 13:45:34 - The Class-Path manifest attribute in C:\Users\HARSHISI\.m2\repository\org\glassfish\jaxb\jaxb-runtime\2.3.2\jaxb-runtime-2.3.2.jar referenced one or more files that do not exist: file:/C:/Users/HARSHISI/.m2/repository/org/glassfish/jaxb/jaxb-runtime/2.3.2/jakarta.xml.bind-api-2.3.2.jar,file:/C:/Users/HARSHISI/.m2/repository/org/glassfish/jaxb/jaxb-runtime/2.3.2/txw2-2.3.2.jar,file:/C:/Users/HARSHISI/.m2/repository/org/glassfish/jaxb/jaxb-runtime/2.3.2/istack-commons-runtime-3.0.8.jar,file:/C:/Users/HARSHISI/.m2/repository/org/glassfish/jaxb/jaxb-runtime/2.3.2/stax-ex-1.8.1.jar,file:/C:/Users/HARSHISI/.m2/repository/org/glassfish/jaxb/jaxb-runtime/2.3.2/FastInfoset-1.2.16.jar,file:/C:/Users/HARSHISI/.m2/repository/org/glassfish/jaxb/jaxb-runtime/2.3.2/jakarta.activation-api-1.2.1.jar
= 2023-12-04 13:45:34 - Devtools property defaults active! Set 'spring.devtools.add-properties' to 'false' to disable
= 2023-12-04 13:45:34 - For additional web related logging consider setting the 'logging.level.web' property to 'DEBUG'
= 2023-12-04 13:45:37 - Bootstrapping Spring Data JPA repositories in DEFAULT mode.
= 2023-12-04 13:45:37 - Finished Spring Data repository scanning in 145ms. Found 6 JPA repository interfaces.
= 2023-12-04 13:45:39 - Tomcat initialized with port(s): 8080 (http)
= 2023-12-04 13:45:39 - Starting service [Tomcat]
= 2023-12-04 13:45:39 - Starting Servlet engine: [Apache Tomcat/9.0.33]
= 2023-12-04 13:45:39 - Initializing Spring embedded WebApplicationContext
= 2023-12-04 13:45:39 - Root WebApplicationContext: initialization completed in 5377 ms
= 2023-12-04 13:45:39 - HHH000204: Processing PersistenceUnitInfo [name: default]
= 2023-12-04 13:45:39 - HHH000412: Hibernate ORM core version 5.4.12.Final
= 2023-12-04 13:45:40 - HCANN000001: Hibernate Commons Annotations {5.1.0.Final}
= 2023-12-04 13:45:40 - HikariPool-1 - Starting...
= 2023-12-04 13:45:40 - HikariPool-1 - Start completed.
= 2023-12-04 13:45:40 - HHH000400: Using dialect: org.hibernate.dialect.PostgreSQLDialect
= 2023-12-04 13:45:41 - HHH000490: Using JtaPlatform implementation: [org.hibernate.engine.transaction.jta.platform.internal.NoJtaPlatform]
= 2023-12-04 13:45:41 - Initialized JPA EntityManagerFactory for persistence unit 'default'
= 2023-12-04 13:45:41 - Unable to start LiveReload server
= 2023-12-04 13:45:42 - spring.jpa.open-in-view is enabled by default. Therefore, database queries may be performed during view rendering. Explicitly configure spring.jpa.open-in-view to disable this warning
= 2023-12-04 13:45:42 - Initializing ExecutorService 'applicationTaskExecutor'
= 2023-12-04 13:45:44 - Tomcat started on port(s): 8080 (http) with context path ''
= 2023-12-04 13:45:44 - Started FmsSpringBootBackendApplication in 11.384 seconds (JVM running for 12.075)
= 2023-12-04 13:45:44 - Info log
= 2023-12-04 13:45:44 - Hey, This is a warning!
= 2023-12-04 13:45:44 - Oops! We have an Error. OK
= 2023-12-04 13:45:44 - Damn! Fatal error. Please fix me.
= 2023-12-04 14:23:34 - HikariPool-1 - Thread starvation or clock leap detected (housekeeper delta=31m54s58ms334µs600ns).
= 2023-12-04 14:40:31 - Starting FmsSpringBootBackendApplication on LIN19005931 with PID 45376 (C:\Users\HARSHISI\OneDrive - Capgemini\Desktop\Flight-Management-System-master\Flight-Management-System-master\FMS-SpringBoot-Backend\target\classes started by harshisi in C:\Users\HARSHISI\OneDrive - Capgemini\Desktop\Flight-Management-System-master\Flight-Management-System-master\FMS-SpringBoot-Backend)
= 2023-12-04 14:40:31 - No active profile set, falling back to default profiles: default
= 2023-12-04 14:40:31 - The Class-Path manifest attribute in C:\Users\HARSHISI\.m2\repository\org\glassfish\jaxb\jaxb-runtime\2.3.2\jaxb-runtime-2.3.2.jar referenced one or more files that do not exist: file:/C:/Users/HARSHISI/.m2/repository/org/glassfish/jaxb/jaxb-runtime/2.3.2/jakarta.xml.bind-api-2.3.2.jar,file:/C:/Users/HARSHISI/.m2/repository/org/glassfish/jaxb/jaxb-runtime/2.3.2/txw2-2.3.2.jar,file:/C:/Users/HARSHISI/.m2/repository/org/glassfish/jaxb/jaxb-runtime/2.3.2/istack-commons-runtime-3.0.8.jar,file:/C:/Users/HARSHISI/.m2/repository/org/glassfish/jaxb/jaxb-runtime/2.3.2/stax-ex-1.8.1.jar,file:/C:/Users/HARSHISI/.m2/repository/org/glassfish/jaxb/jaxb-runtime/2.3.2/FastInfoset-1.2.16.jar,file:/C:/Users/HARSHISI/.m2/repository/org/glassfish/jaxb/jaxb-runtime/2.3.2/jakarta.activation-api-1.2.1.jar
= 2023-12-04 14:40:31 - Devtools property defaults active! Set 'spring.devtools.add-properties' to 'false' to disable
= 2023-12-04 14:40:31 - For additional web related logging consider setting the 'logging.level.web' property to 'DEBUG'
= 2023-12-04 14:40:36 - Bootstrapping Spring Data JPA repositories in DEFAULT mode.
= 2023-12-04 14:40:37 - Finished Spring Data repository scanning in 242ms. Found 6 JPA repository interfaces.
= 2023-12-04 14:40:38 - Tomcat initialized with port(s): 8080 (http)
= 2023-12-04 14:40:38 - Starting service [Tomcat]
= 2023-12-04 14:40:38 - Starting Servlet engine: [Apache Tomcat/9.0.33]
= 2023-12-04 14:40:38 - Initializing Spring embedded WebApplicationContext
= 2023-12-04 14:40:38 - Root WebApplicationContext: initialization completed in 6902 ms
= 2023-12-04 14:40:39 - HHH000204: Processing PersistenceUnitInfo [name: default]
= 2023-12-04 14:40:39 - HHH000412: Hibernate ORM core version 5.4.12.Final
= 2023-12-04 14:40:39 - HCANN000001: Hibernate Commons Annotations {5.1.0.Final}
= 2023-12-04 14:40:39 - HikariPool-1 - Starting...
= 2023-12-04 14:40:39 - HikariPool-1 - Start completed.
= 2023-12-04 14:40:39 - HHH000400: Using dialect: org.hibernate.dialect.PostgreSQLDialect
= 2023-12-04 14:40:41 - HHH000490: Using JtaPlatform implementation: [org.hibernate.engine.transaction.jta.platform.internal.NoJtaPlatform]
= 2023-12-04 14:40:41 - Initialized JPA EntityManagerFactory for persistence unit 'default'
= 2023-12-04 14:40:41 - Unable to start LiveReload server
= 2023-12-04 14:40:42 - spring.jpa.open-in-view is enabled by default. Therefore, database queries may be performed during view rendering. Explicitly configure spring.jpa.open-in-view to disable this warning
= 2023-12-04 14:40:42 - Initializing ExecutorService 'applicationTaskExecutor'
= 2023-12-04 14:40:43 - Tomcat started on port(s): 8080 (http) with context path ''
= 2023-12-04 14:40:43 - Started FmsSpringBootBackendApplication in 12.977 seconds (JVM running for 14.567)
= 2023-12-04 14:40:43 - Info log
= 2023-12-04 14:40:43 - Hey, This is a warning!
= 2023-12-04 14:40:43 - Oops! We have an Error. OK
= 2023-12-04 14:40:43 - Damn! Fatal error. Please fix me.
= 2023-12-04 14:40:49 - Initializing Spring DispatcherServlet 'dispatcherServlet'
= 2023-12-04 14:40:49 - Initializing Servlet 'dispatcherServlet'
= 2023-12-04 14:40:49 - Completed initialization in 16 ms
= 2023-12-04 14:43:58 - Starting FmsSpringBootBackendApplication on LIN19005931 with PID 43900 (C:\Users\HARSHISI\OneDrive - Capgemini\Desktop\Flight-Management-System-master\Flight-Management-System-master\FMS-SpringBoot-Backend\target\classes started by harshisi in C:\Users\HARSHISI\OneDrive - Capgemini\Desktop\Flight-Management-System-master\Flight-Management-System-master\FMS-SpringBoot-Backend)
= 2023-12-04 14:43:58 - No active profile set, falling back to default profiles: default
= 2023-12-04 14:43:58 - The Class-Path manifest attribute in C:\Users\HARSHISI\.m2\repository\org\glassfish\jaxb\jaxb-runtime\2.3.2\jaxb-runtime-2.3.2.jar referenced one or more files that do not exist: file:/C:/Users/HARSHISI/.m2/repository/org/glassfish/jaxb/jaxb-runtime/2.3.2/jakarta.xml.bind-api-2.3.2.jar,file:/C:/Users/HARSHISI/.m2/repository/org/glassfish/jaxb/jaxb-runtime/2.3.2/txw2-2.3.2.jar,file:/C:/Users/HARSHISI/.m2/repository/org/glassfish/jaxb/jaxb-runtime/2.3.2/istack-commons-runtime-3.0.8.jar,file:/C:/Users/HARSHISI/.m2/repository/org/glassfish/jaxb/jaxb-runtime/2.3.2/stax-ex-1.8.1.jar,file:/C:/Users/HARSHISI/.m2/repository/org/glassfish/jaxb/jaxb-runtime/2.3.2/FastInfoset-1.2.16.jar,file:/C:/Users/HARSHISI/.m2/repository/org/glassfish/jaxb/jaxb-runtime/2.3.2/jakarta.activation-api-1.2.1.jar
= 2023-12-04 14:43:58 - Devtools property defaults active! Set 'spring.devtools.add-properties' to 'false' to disable
= 2023-12-04 14:43:58 - For additional web related logging consider setting the 'logging.level.web' property to 'DEBUG'
= 2023-12-04 14:44:01 - Bootstrapping Spring Data JPA repositories in DEFAULT mode.
= 2023-12-04 14:44:01 - Finished Spring Data repository scanning in 205ms. Found 6 JPA repository interfaces.
= 2023-12-04 14:44:03 - Tomcat initialized with port(s): 8080 (http)
= 2023-12-04 14:44:03 - Starting service [Tomcat]
= 2023-12-04 14:44:03 - Starting Servlet engine: [Apache Tomcat/9.0.33]
= 2023-12-04 14:44:03 - Initializing Spring embedded WebApplicationContext
= 2023-12-04 14:44:03 - Root WebApplicationContext: initialization completed in 5033 ms
= 2023-12-04 14:44:03 - HHH000204: Processing PersistenceUnitInfo [name: default]
= 2023-12-04 14:44:03 - HHH000412: Hibernate ORM core version 5.4.12.Final
= 2023-12-04 14:44:03 - HCANN000001: Hibernate Commons Annotations {5.1.0.Final}
= 2023-12-04 14:44:04 - HikariPool-1 - Starting...
= 2023-12-04 14:44:04 - HikariPool-1 - Start completed.
= 2023-12-04 14:44:04 - HHH000400: Using dialect: org.hibernate.dialect.PostgreSQLDialect
= 2023-12-04 14:44:05 - HHH000490: Using JtaPlatform implementation: [org.hibernate.engine.transaction.jta.platform.internal.NoJtaPlatform]
= 2023-12-04 14:44:05 - Initialized JPA EntityManagerFactory for persistence unit 'default'
= 2023-12-04 14:44:05 - Unable to start LiveReload server
= 2023-12-04 14:44:06 - spring.jpa.open-in-view is enabled by default. Therefore, database queries may be performed during view rendering. Explicitly configure spring.jpa.open-in-view to disable this warning
= 2023-12-04 14:44:06 - Initializing ExecutorService 'applicationTaskExecutor'
= 2023-12-04 14:44:08 - Tomcat started on port(s): 8080 (http) with context path ''
= 2023-12-04 14:44:08 - Started FmsSpringBootBackendApplication in 10.478 seconds (JVM running for 11.46)
= 2023-12-04 14:44:08 - Info log
= 2023-12-04 14:44:08 - Hey, This is a warning!
= 2023-12-04 14:44:08 - Oops! We have an Error. OK
= 2023-12-04 14:44:08 - Damn! Fatal error. Please fix me.
= 2023-12-04 14:44:15 - Initializing Spring DispatcherServlet 'dispatcherServlet'
= 2023-12-04 14:44:15 - Initializing Servlet 'dispatcherServlet'
= 2023-12-04 14:44:15 - Completed initialization in 12 ms
= 2023-12-04 14:47:32 - Starting FmsSpringBootBackendApplication on LIN19005931 with PID 24848 (C:\Users\HARSHISI\OneDrive - Capgemini\Desktop\Flight-Management-System-master\Flight-Management-System-master\FMS-SpringBoot-Backend\target\classes started by harshisi in C:\Users\HARSHISI\OneDrive - Capgemini\Desktop\Flight-Management-System-master\Flight-Management-System-master\FMS-SpringBoot-Backend)
= 2023-12-04 14:47:32 - No active profile set, falling back to default profiles: default
= 2023-12-04 14:47:32 - The Class-Path manifest attribute in C:\Users\HARSHISI\.m2\repository\org\glassfish\jaxb\jaxb-runtime\2.3.2\jaxb-runtime-2.3.2.jar referenced one or more files that do not exist: file:/C:/Users/HARSHISI/.m2/repository/org/glassfish/jaxb/jaxb-runtime/2.3.2/jakarta.xml.bind-api-2.3.2.jar,file:/C:/Users/HARSHISI/.m2/repository/org/glassfish/jaxb/jaxb-runtime/2.3.2/txw2-2.3.2.jar,file:/C:/Users/HARSHISI/.m2/repository/org/glassfish/jaxb/jaxb-runtime/2.3.2/istack-commons-runtime-3.0.8.jar,file:/C:/Users/HARSHISI/.m2/repository/org/glassfish/jaxb/jaxb-runtime/2.3.2/stax-ex-1.8.1.jar,file:/C:/Users/HARSHISI/.m2/repository/org/glassfish/jaxb/jaxb-runtime/2.3.2/FastInfoset-1.2.16.jar,file:/C:/Users/HARSHISI/.m2/repository/org/glassfish/jaxb/jaxb-runtime/2.3.2/jakarta.activation-api-1.2.1.jar
= 2023-12-04 14:47:32 - Devtools property defaults active! Set 'spring.devtools.add-properties' to 'false' to disable
= 2023-12-04 14:47:32 - For additional web related logging consider setting the 'logging.level.web' property to 'DEBUG'
= 2023-12-04 14:47:36 - Bootstrapping Spring Data JPA repositories in DEFAULT mode.
= 2023-12-04 14:47:36 - Finished Spring Data repository scanning in 314ms. Found 6 JPA repository interfaces.
= 2023-12-04 14:47:37 - Tomcat initialized with port(s): 8080 (http)
= 2023-12-04 14:47:37 - Starting service [Tomcat]
= 2023-12-04 14:47:37 - Starting Servlet engine: [Apache Tomcat/9.0.33]
= 2023-12-04 14:47:38 - Initializing Spring embedded WebApplicationContext
= 2023-12-04 14:47:38 - Root WebApplicationContext: initialization completed in 5894 ms
= 2023-12-04 14:47:38 - HHH000204: Processing PersistenceUnitInfo [name: default]
= 2023-12-04 14:47:38 - HHH000412: Hibernate ORM core version 5.4.12.Final
= 2023-12-04 14:47:38 - HCANN000001: Hibernate Commons Annotations {5.1.0.Final}
= 2023-12-04 14:47:38 - HikariPool-1 - Starting...
= 2023-12-04 14:47:39 - HikariPool-1 - Start completed.
= 2023-12-04 14:47:39 - HHH000400: Using dialect: org.hibernate.dialect.PostgreSQLDialect
= 2023-12-04 14:47:40 - HHH000490: Using JtaPlatform implementation: [org.hibernate.engine.transaction.jta.platform.internal.NoJtaPlatform]
= 2023-12-04 14:47:40 - Initialized JPA EntityManagerFactory for persistence unit 'default'
= 2023-12-04 14:47:40 - Unable to start LiveReload server
= 2023-12-04 14:47:41 - spring.jpa.open-in-view is enabled by default. Therefore, database queries may be performed during view rendering. Explicitly configure spring.jpa.open-in-view to disable this warning
= 2023-12-04 14:47:41 - Initializing ExecutorService 'applicationTaskExecutor'
= 2023-12-04 14:47:42 - Tomcat started on port(s): 8080 (http) with context path ''
= 2023-12-04 14:47:42 - Started FmsSpringBootBackendApplication in 11.307 seconds (JVM running for 12.134)
= 2023-12-04 14:47:42 - Info log
= 2023-12-04 14:47:42 - Hey, This is a warning!
= 2023-12-04 14:47:42 - Oops! We have an Error. OK
= 2023-12-04 14:47:42 - Damn! Fatal error. Please fix me.
= 2023-12-04 14:47:49 - Initializing Spring DispatcherServlet 'dispatcherServlet'
= 2023-12-04 14:47:49 - Initializing Servlet 'dispatcherServlet'
= 2023-12-04 14:47:49 - Completed initialization in 16 ms
= 2023-12-04 14:51:41 - Starting FmsSpringBootBackendApplication on LIN19005931 with PID 28116 (C:\Users\HARSHISI\OneDrive - Capgemini\Desktop\Flight-Management-System-master\Flight-Management-System-master\FMS-SpringBoot-Backend\target\classes started by harshisi in C:\Users\HARSHISI\OneDrive - Capgemini\Desktop\Flight-Management-System-master\Flight-Management-System-master\FMS-SpringBoot-Backend)
= 2023-12-04 14:51:41 - No active profile set, falling back to default profiles: default
= 2023-12-04 14:51:41 - The Class-Path manifest attribute in C:\Users\HARSHISI\.m2\repository\org\glassfish\jaxb\jaxb-runtime\2.3.2\jaxb-runtime-2.3.2.jar referenced one or more files that do not exist: file:/C:/Users/HARSHISI/.m2/repository/org/glassfish/jaxb/jaxb-runtime/2.3.2/jakarta.xml.bind-api-2.3.2.jar,file:/C:/Users/HARSHISI/.m2/repository/org/glassfish/jaxb/jaxb-runtime/2.3.2/txw2-2.3.2.jar,file:/C:/Users/HARSHISI/.m2/repository/org/glassfish/jaxb/jaxb-runtime/2.3.2/istack-commons-runtime-3.0.8.jar,file:/C:/Users/HARSHISI/.m2/repository/org/glassfish/jaxb/jaxb-runtime/2.3.2/stax-ex-1.8.1.jar,file:/C:/Users/HARSHISI/.m2/repository/org/glassfish/jaxb/jaxb-runtime/2.3.2/FastInfoset-1.2.16.jar,file:/C:/Users/HARSHISI/.m2/repository/org/glassfish/jaxb/jaxb-runtime/2.3.2/jakarta.activation-api-1.2.1.jar
= 2023-12-04 14:51:41 - Devtools property defaults active! Set 'spring.devtools.add-properties' to 'false' to disable
= 2023-12-04 14:51:41 - For additional web related logging consider setting the 'logging.level.web' property to 'DEBUG'
= 2023-12-04 14:51:46 - Bootstrapping Spring Data JPA repositories in DEFAULT mode.
= 2023-12-04 14:51:46 - Finished Spring Data repository scanning in 185ms. Found 6 JPA repository interfaces.
= 2023-12-04 14:51:47 - Tomcat initialized with port(s): 8080 (http)
= 2023-12-04 14:51:47 - Starting service [Tomcat]
= 2023-12-04 14:51:47 - Starting Servlet engine: [Apache Tomcat/9.0.33]
= 2023-12-04 14:51:47 - Initializing Spring embedded WebApplicationContext
= 2023-12-04 14:51:47 - Root WebApplicationContext: initialization completed in 6403 ms
= 2023-12-04 14:51:48 - HHH000204: Processing PersistenceUnitInfo [name: default]
= 2023-12-04 14:51:48 - HHH000412: Hibernate ORM core version 5.4.12.Final
= 2023-12-04 14:51:48 - HCANN000001: Hibernate Commons Annotations {5.1.0.Final}
= 2023-12-04 14:51:48 - HikariPool-1 - Starting...
= 2023-12-04 14:51:48 - HikariPool-1 - Start completed.
= 2023-12-04 14:51:48 - HHH000400: Using dialect: org.hibernate.dialect.PostgreSQLDialect
= 2023-12-04 14:51:50 - HHH000490: Using JtaPlatform implementation: [org.hibernate.engine.transaction.jta.platform.internal.NoJtaPlatform]
= 2023-12-04 14:51:50 - Initialized JPA EntityManagerFactory for persistence unit 'default'
= 2023-12-04 14:51:50 - Unable to start LiveReload server
= 2023-12-04 14:51:51 - spring.jpa.open-in-view is enabled by default. Therefore, database queries may be performed during view rendering. Explicitly configure spring.jpa.open-in-view to disable this warning
= 2023-12-04 14:51:51 - Initializing ExecutorService 'applicationTaskExecutor'
= 2023-12-04 14:51:52 - Tomcat started on port(s): 8080 (http) with context path ''
= 2023-12-04 14:51:52 - Started FmsSpringBootBackendApplication in 12.456 seconds (JVM running for 13.862)
= 2023-12-04 14:51:52 - Info log
= 2023-12-04 14:51:52 - Hey, This is a warning!
= 2023-12-04 14:51:52 - Oops! We have an Error. OK
= 2023-12-04 14:51:52 - Damn! Fatal error. Please fix me.
= 2023-12-04 14:52:08 - Initializing Spring DispatcherServlet 'dispatcherServlet'
= 2023-12-04 14:52:08 - Initializing Servlet 'dispatcherServlet'
= 2023-12-04 14:52:08 - Completed initialization in 0 ms
= 2023-12-04 14:56:51 - Starting FmsSpringBootBackendApplication on LIN19005931 with PID 43160 (C:\Users\HARSHISI\OneDrive - Capgemini\Desktop\Flight-Management-System-master\Flight-Management-System-master\FMS-SpringBoot-Backend\target\classes started by harshisi in C:\Users\HARSHISI\OneDrive - Capgemini\Desktop\Flight-Management-System-master\Flight-Management-System-master\FMS-SpringBoot-Backend)
= 2023-12-04 14:56:51 - No active profile set, falling back to default profiles: default
= 2023-12-04 14:56:51 - The Class-Path manifest attribute in C:\Users\HARSHISI\.m2\repository\org\glassfish\jaxb\jaxb-runtime\2.3.2\jaxb-runtime-2.3.2.jar referenced one or more files that do not exist: file:/C:/Users/HARSHISI/.m2/repository/org/glassfish/jaxb/jaxb-runtime/2.3.2/jakarta.xml.bind-api-2.3.2.jar,file:/C:/Users/HARSHISI/.m2/repository/org/glassfish/jaxb/jaxb-runtime/2.3.2/txw2-2.3.2.jar,file:/C:/Users/HARSHISI/.m2/repository/org/glassfish/jaxb/jaxb-runtime/2.3.2/istack-commons-runtime-3.0.8.jar,file:/C:/Users/HARSHISI/.m2/repository/org/glassfish/jaxb/jaxb-runtime/2.3.2/stax-ex-1.8.1.jar,file:/C:/Users/HARSHISI/.m2/repository/org/glassfish/jaxb/jaxb-runtime/2.3.2/FastInfoset-1.2.16.jar,file:/C:/Users/HARSHISI/.m2/repository/org/glassfish/jaxb/jaxb-runtime/2.3.2/jakarta.activation-api-1.2.1.jar
= 2023-12-04 14:56:51 - Devtools property defaults active! Set 'spring.devtools.add-properties' to 'false' to disable
= 2023-12-04 14:56:51 - For additional web related logging consider setting the 'logging.level.web' property to 'DEBUG'
= 2023-12-04 14:56:54 - Bootstrapping Spring Data JPA repositories in DEFAULT mode.
= 2023-12-04 14:56:54 - Finished Spring Data repository scanning in 174ms. Found 6 JPA repository interfaces.
= 2023-12-04 14:56:56 - Tomcat initialized with port(s): 8080 (http)
= 2023-12-04 14:56:56 - Starting service [Tomcat]
= 2023-12-04 14:56:56 - Starting Servlet engine: [Apache Tomcat/9.0.33]
= 2023-12-04 14:56:56 - Initializing Spring embedded WebApplicationContext
= 2023-12-04 14:56:56 - Root WebApplicationContext: initialization completed in 4593 ms
= 2023-12-04 14:56:56 - HHH000204: Processing PersistenceUnitInfo [name: default]
= 2023-12-04 14:56:56 - HHH000412: Hibernate ORM core version 5.4.12.Final
= 2023-12-04 14:56:56 - HCANN000001: Hibernate Commons Annotations {5.1.0.Final}
= 2023-12-04 14:56:56 - HikariPool-1 - Starting...
= 2023-12-04 14:56:57 - HikariPool-1 - Start completed.
= 2023-12-04 14:56:57 - HHH000400: Using dialect: org.hibernate.dialect.PostgreSQLDialect
= 2023-12-04 14:56:58 - HHH000490: Using JtaPlatform implementation: [org.hibernate.engine.transaction.jta.platform.internal.NoJtaPlatform]
= 2023-12-04 14:56:58 - Initialized JPA EntityManagerFactory for persistence unit 'default'
= 2023-12-04 14:56:58 - Unable to start LiveReload server
= 2023-12-04 14:56:58 - spring.jpa.open-in-view is enabled by default. Therefore, database queries may be performed during view rendering. Explicitly configure spring.jpa.open-in-view to disable this warning
= 2023-12-04 14:56:59 - Initializing ExecutorService 'applicationTaskExecutor'
= 2023-12-04 14:57:00 - Tomcat started on port(s): 8080 (http) with context path ''
= 2023-12-04 14:57:00 - Started FmsSpringBootBackendApplication in 9.293 seconds (JVM running for 10.855)
= 2023-12-04 14:57:00 - Info log
= 2023-12-04 14:57:00 - Hey, This is a warning!
= 2023-12-04 14:57:00 - Oops! We have an Error. OK
= 2023-12-04 14:57:00 - Damn! Fatal error. Please fix me.
= 2023-12-04 14:58:45 - Initializing Spring DispatcherServlet 'dispatcherServlet'
= 2023-12-04 14:58:45 - Initializing Servlet 'dispatcherServlet'
= 2023-12-04 14:58:45 - Completed initialization in 0 ms
= 2023-12-04 15:01:21 - Starting FmsSpringBootBackendApplication on LIN19005931 with PID 30424 (C:\Users\HARSHISI\OneDrive - Capgemini\Desktop\Flight-Management-System-master\Flight-Management-System-master\FMS-SpringBoot-Backend\target\classes started by harshisi in C:\Users\HARSHISI\OneDrive - Capgemini\Desktop\Flight-Management-System-master\Flight-Management-System-master\FMS-SpringBoot-Backend)
= 2023-12-04 15:01:21 - No active profile set, falling back to default profiles: default
= 2023-12-04 15:01:21 - The Class-Path manifest attribute in C:\Users\HARSHISI\.m2\repository\org\glassfish\jaxb\jaxb-runtime\2.3.2\jaxb-runtime-2.3.2.jar referenced one or more files that do not exist: file:/C:/Users/HARSHISI/.m2/repository/org/glassfish/jaxb/jaxb-runtime/2.3.2/jakarta.xml.bind-api-2.3.2.jar,file:/C:/Users/HARSHISI/.m2/repository/org/glassfish/jaxb/jaxb-runtime/2.3.2/txw2-2.3.2.jar,file:/C:/Users/HARSHISI/.m2/repository/org/glassfish/jaxb/jaxb-runtime/2.3.2/istack-commons-runtime-3.0.8.jar,file:/C:/Users/HARSHISI/.m2/repository/org/glassfish/jaxb/jaxb-runtime/2.3.2/stax-ex-1.8.1.jar,file:/C:/Users/HARSHISI/.m2/repository/org/glassfish/jaxb/jaxb-runtime/2.3.2/FastInfoset-1.2.16.jar,file:/C:/Users/HARSHISI/.m2/repository/org/glassfish/jaxb/jaxb-runtime/2.3.2/jakarta.activation-api-1.2.1.jar
= 2023-12-04 15:01:21 - Devtools property defaults active! Set 'spring.devtools.add-properties' to 'false' to disable
= 2023-12-04 15:01:21 - For additional web related logging consider setting the 'logging.level.web' property to 'DEBUG'
= 2023-12-04 15:01:24 - Bootstrapping Spring Data JPA repositories in DEFAULT mode.
= 2023-12-04 15:01:25 - Finished Spring Data repository scanning in 123ms. Found 6 JPA repository interfaces.
= 2023-12-04 15:01:26 - Tomcat initialized with port(s): 8080 (http)
= 2023-12-04 15:01:26 - Starting service [Tomcat]
= 2023-12-04 15:01:26 - Starting Servlet engine: [Apache Tomcat/9.0.33]
= 2023-12-04 15:01:26 - Initializing Spring embedded WebApplicationContext
= 2023-12-04 15:01:26 - Root WebApplicationContext: initialization completed in 4675 ms
= 2023-12-04 15:01:26 - HHH000204: Processing PersistenceUnitInfo [name: default]
= 2023-12-04 15:01:26 - HHH000412: Hibernate ORM core version 5.4.12.Final
= 2023-12-04 15:01:27 - HCANN000001: Hibernate Commons Annotations {5.1.0.Final}
= 2023-12-04 15:01:27 - HikariPool-1 - Starting...
= 2023-12-04 15:01:27 - HikariPool-1 - Start completed.
= 2023-12-04 15:01:27 - HHH000400: Using dialect: org.hibernate.dialect.PostgreSQLDialect
= 2023-12-04 15:01:28 - HHH000490: Using JtaPlatform implementation: [org.hibernate.engine.transaction.jta.platform.internal.NoJtaPlatform]
= 2023-12-04 15:01:28 - Initialized JPA EntityManagerFactory for persistence unit 'default'
= 2023-12-04 15:01:28 - Unable to start LiveReload server
= 2023-12-04 15:01:28 - spring.jpa.open-in-view is enabled by default. Therefore, database queries may be performed during view rendering. Explicitly configure spring.jpa.open-in-view to disable this warning
= 2023-12-04 15:01:29 - Initializing ExecutorService 'applicationTaskExecutor'
= 2023-12-04 15:01:30 - Tomcat started on port(s): 8080 (http) with context path ''
= 2023-12-04 15:01:30 - Started FmsSpringBootBackendApplication in 8.951 seconds (JVM running for 9.832)
= 2023-12-04 15:01:30 - Info log
= 2023-12-04 15:01:30 - Hey, This is a warning!
= 2023-12-04 15:01:30 - Oops! We have an Error. OK
= 2023-12-04 15:01:30 - Damn! Fatal error. Please fix me.
= 2023-12-04 15:02:31 - Initializing Spring DispatcherServlet 'dispatcherServlet'
= 2023-12-04 15:02:31 - Initializing Servlet 'dispatcherServlet'
= 2023-12-04 15:02:31 - Completed initialization in 11 ms
= 2023-12-04 15:11:23 - Starting FmsSpringBootBackendApplication on LIN19005931 with PID 8800 (C:\Users\HARSHISI\OneDrive - Capgemini\Desktop\Flight-Management-System-master\Flight-Management-System-master\FMS-SpringBoot-Backend\target\classes started by harshisi in C:\Users\HARSHISI\OneDrive - Capgemini\Desktop\Flight-Management-System-master\Flight-Management-System-master\FMS-SpringBoot-Backend)
= 2023-12-04 15:11:23 - No active profile set, falling back to default profiles: default
= 2023-12-04 15:11:23 - The Class-Path manifest attribute in C:\Users\HARSHISI\.m2\repository\org\glassfish\jaxb\jaxb-runtime\2.3.2\jaxb-runtime-2.3.2.jar referenced one or more files that do not exist: file:/C:/Users/HARSHISI/.m2/repository/org/glassfish/jaxb/jaxb-runtime/2.3.2/jakarta.xml.bind-api-2.3.2.jar,file:/C:/Users/HARSHISI/.m2/repository/org/glassfish/jaxb/jaxb-runtime/2.3.2/txw2-2.3.2.jar,file:/C:/Users/HARSHISI/.m2/repository/org/glassfish/jaxb/jaxb-runtime/2.3.2/istack-commons-runtime-3.0.8.jar,file:/C:/Users/HARSHISI/.m2/repository/org/glassfish/jaxb/jaxb-runtime/2.3.2/stax-ex-1.8.1.jar,file:/C:/Users/HARSHISI/.m2/repository/org/glassfish/jaxb/jaxb-runtime/2.3.2/FastInfoset-1.2.16.jar,file:/C:/Users/HARSHISI/.m2/repository/org/glassfish/jaxb/jaxb-runtime/2.3.2/jakarta.activation-api-1.2.1.jar
= 2023-12-04 15:11:23 - Devtools property defaults active! Set 'spring.devtools.add-properties' to 'false' to disable
= 2023-12-04 15:11:23 - For additional web related logging consider setting the 'logging.level.web' property to 'DEBUG'
= 2023-12-04 15:11:26 - Bootstrapping Spring Data JPA repositories in DEFAULT mode.
= 2023-12-04 15:11:26 - Finished Spring Data repository scanning in 120ms. Found 6 JPA repository interfaces.
= 2023-12-04 15:11:27 - Tomcat initialized with port(s): 8080 (http)
= 2023-12-04 15:11:27 - Starting service [Tomcat]
= 2023-12-04 15:11:27 - Starting Servlet engine: [Apache Tomcat/9.0.33]
= 2023-12-04 15:11:27 - Initializing Spring embedded WebApplicationContext
= 2023-12-04 15:11:27 - Root WebApplicationContext: initialization completed in 4114 ms
= 2023-12-04 15:11:28 - HHH000204: Processing PersistenceUnitInfo [name: default]
= 2023-12-04 15:11:28 - HHH000412: Hibernate ORM core version 5.4.12.Final
= 2023-12-04 15:11:28 - HCANN000001: Hibernate Commons Annotations {5.1.0.Final}
= 2023-12-04 15:11:29 - HikariPool-1 - Starting...
= 2023-12-04 15:11:29 - HikariPool-1 - Start completed.
= 2023-12-04 15:11:29 - HHH000400: Using dialect: org.hibernate.dialect.PostgreSQLDialect
= 2023-12-04 15:11:30 - HHH000490: Using JtaPlatform implementation: [org.hibernate.engine.transaction.jta.platform.internal.NoJtaPlatform]
= 2023-12-04 15:11:30 - Initialized JPA EntityManagerFactory for persistence unit 'default'
= 2023-12-04 15:11:30 - Unable to start LiveReload server
= 2023-12-04 15:11:31 - spring.jpa.open-in-view is enabled by default. Therefore, database queries may be performed during view rendering. Explicitly configure spring.jpa.open-in-view to disable this warning
= 2023-12-04 15:11:31 - Initializing ExecutorService 'applicationTaskExecutor'
= 2023-12-04 15:11:32 - Tomcat started on port(s): 8080 (http) with context path ''
= 2023-12-04 15:11:32 - Started FmsSpringBootBackendApplication in 9.161 seconds (JVM running for 9.83)
= 2023-12-04 15:11:32 - Info log
= 2023-12-04 15:11:32 - Hey, This is a warning!
= 2023-12-04 15:11:32 - Oops! We have an Error. OK
= 2023-12-04 15:11:32 - Damn! Fatal error. Please fix me.
= 2023-12-04 15:11:45 - Initializing Spring DispatcherServlet 'dispatcherServlet'
= 2023-12-04 15:11:45 - Initializing Servlet 'dispatcherServlet'
= 2023-12-04 15:11:45 - Completed initialization in 13 ms
= 2023-12-04 15:24:27 - Starting FmsSpringBootBackendApplication on LIN19005931 with PID 13000 (C:\Users\HARSHISI\OneDrive - Capgemini\Desktop\Flight-Management-System-master\Flight-Management-System-master\FMS-SpringBoot-Backend\target\classes started by harshisi in C:\Users\HARSHISI\OneDrive - Capgemini\Desktop\Flight-Management-System-master\Flight-Management-System-master\FMS-SpringBoot-Backend)
= 2023-12-04 15:24:27 - No active profile set, falling back to default profiles: default
= 2023-12-04 15:24:27 - The Class-Path manifest attribute in C:\Users\HARSHISI\.m2\repository\org\glassfish\jaxb\jaxb-runtime\2.3.2\jaxb-runtime-2.3.2.jar referenced one or more files that do not exist: file:/C:/Users/HARSHISI/.m2/repository/org/glassfish/jaxb/jaxb-runtime/2.3.2/jakarta.xml.bind-api-2.3.2.jar,file:/C:/Users/HARSHISI/.m2/repository/org/glassfish/jaxb/jaxb-runtime/2.3.2/txw2-2.3.2.jar,file:/C:/Users/HARSHISI/.m2/repository/org/glassfish/jaxb/jaxb-runtime/2.3.2/istack-commons-runtime-3.0.8.jar,file:/C:/Users/HARSHISI/.m2/repository/org/glassfish/jaxb/jaxb-runtime/2.3.2/stax-ex-1.8.1.jar,file:/C:/Users/HARSHISI/.m2/repository/org/glassfish/jaxb/jaxb-runtime/2.3.2/FastInfoset-1.2.16.jar,file:/C:/Users/HARSHISI/.m2/repository/org/glassfish/jaxb/jaxb-runtime/2.3.2/jakarta.activation-api-1.2.1.jar
= 2023-12-04 15:24:27 - Devtools property defaults active! Set 'spring.devtools.add-properties' to 'false' to disable
= 2023-12-04 15:24:27 - For additional web related logging consider setting the 'logging.level.web' property to 'DEBUG'
= 2023-12-04 15:24:32 - Bootstrapping Spring Data JPA repositories in DEFAULT mode.
= 2023-12-04 15:24:32 - Finished Spring Data repository scanning in 178ms. Found 6 JPA repository interfaces.
= 2023-12-04 15:24:33 - Tomcat initialized with port(s): 8080 (http)
= 2023-12-04 15:24:33 - Starting service [Tomcat]
= 2023-12-04 15:24:33 - Starting Servlet engine: [Apache Tomcat/9.0.33]
= 2023-12-04 15:24:33 - Initializing Spring embedded WebApplicationContext
= 2023-12-04 15:24:33 - Root WebApplicationContext: initialization completed in 5973 ms
= 2023-12-04 15:24:34 - HHH000204: Processing PersistenceUnitInfo [name: default]
= 2023-12-04 15:24:34 - HHH000412: Hibernate ORM core version 5.4.12.Final
= 2023-12-04 15:24:34 - HCANN000001: Hibernate Commons Annotations {5.1.0.Final}
= 2023-12-04 15:24:34 - HikariPool-1 - Starting...
= 2023-12-04 15:24:34 - HikariPool-1 - Start completed.
= 2023-12-04 15:24:34 - HHH000400: Using dialect: org.hibernate.dialect.PostgreSQLDialect
= 2023-12-04 15:24:36 - HHH000490: Using JtaPlatform implementation: [org.hibernate.engine.transaction.jta.platform.internal.NoJtaPlatform]
= 2023-12-04 15:24:36 - Initialized JPA EntityManagerFactory for persistence unit 'default'
= 2023-12-04 15:24:36 - Unable to start LiveReload server
= 2023-12-04 15:24:37 - spring.jpa.open-in-view is enabled by default. Therefore, database queries may be performed during view rendering. Explicitly configure spring.jpa.open-in-view to disable this warning
= 2023-12-04 15:24:37 - Initializing ExecutorService 'applicationTaskExecutor'
= 2023-12-04 15:24:38 - Tomcat started on port(s): 8080 (http) with context path ''
= 2023-12-04 15:24:38 - Started FmsSpringBootBackendApplication in 11.463 seconds (JVM running for 12.511)
= 2023-12-04 15:24:38 - Info log
= 2023-12-04 15:24:38 - Hey, This is a warning!
= 2023-12-04 15:24:38 - Oops! We have an Error. OK
= 2023-12-04 15:24:38 - Damn! Fatal error. Please fix me.
= 2023-12-04 15:28:53 - Shutting down ExecutorService 'applicationTaskExecutor'
= 2023-12-04 15:28:53 - Closing JPA EntityManagerFactory for persistence unit 'default'
= 2023-12-04 15:28:53 - HikariPool-1 - Shutdown initiated...
= 2023-12-04 15:28:53 - HikariPool-1 - Shutdown completed.
= 2023-12-04 15:29:12 - Starting FmsSpringBootBackendApplication on LIN19005931 with PID 13000 (C:\Users\HARSHISI\OneDrive - Capgemini\Desktop\Flight-Management-System-master\Flight-Management-System-master\FMS-SpringBoot-Backend\target\classes started by harshisi in C:\Users\HARSHISI\OneDrive - Capgemini\Desktop\Flight-Management-System-master\Flight-Management-System-master\FMS-SpringBoot-Backend)
= 2023-12-04 15:29:12 - No active profile set, falling back to default profiles: default
= 2023-12-04 15:29:13 - Bootstrapping Spring Data JPA repositories in DEFAULT mode.
= 2023-12-04 15:29:13 - Finished Spring Data repository scanning in 1ms. Found 0 JPA repository interfaces.
= 2023-12-04 15:29:14 - Tomcat initialized with port(s): 8080 (http)
= 2023-12-04 15:29:14 - Starting service [Tomcat]
= 2023-12-04 15:29:14 - Starting Servlet engine: [Apache Tomcat/9.0.33]
= 2023-12-04 15:29:14 - Initializing Spring embedded WebApplicationContext
= 2023-12-04 15:29:14 - Root WebApplicationContext: initialization completed in 1489 ms
= 2023-12-04 15:29:14 - HHH000204: Processing PersistenceUnitInfo [name: default]
= 2023-12-04 15:29:14 - HikariPool-2 - Starting...
= 2023-12-04 15:29:14 - HikariPool-2 - Start completed.
= 2023-12-04 15:29:14 - HHH000400: Using dialect: org.hibernate.dialect.PostgreSQLDialect
= 2023-12-04 15:29:15 - HHH000490: Using JtaPlatform implementation: [org.hibernate.engine.transaction.jta.platform.internal.NoJtaPlatform]
= 2023-12-04 15:29:15 - Initialized JPA EntityManagerFactory for persistence unit 'default'
= 2023-12-04 15:29:15 - Unable to start LiveReload server
= 2023-12-04 15:29:15 - spring.jpa.open-in-view is enabled by default. Therefore, database queries may be performed during view rendering. Explicitly configure spring.jpa.open-in-view to disable this warning
= 2023-12-04 15:29:15 - Initializing ExecutorService 'applicationTaskExecutor'
= 2023-12-04 15:29:16 - Tomcat started on port(s): 8080 (http) with context path ''
= 2023-12-04 15:29:16 - Started FmsSpringBootBackendApplication in 3.84 seconds (JVM running for 290.328)
= 2023-12-04 15:29:16 - Condition evaluation unchanged
= 2023-12-04 15:29:16 - Info log
= 2023-12-04 15:29:16 - Hey, This is a warning!
= 2023-12-04 15:29:16 - Oops! We have an Error. OK
= 2023-12-04 15:29:16 - Damn! Fatal error. Please fix me.
